<?xml version="1.0" encoding="UTF-8"?>
<testsuites name="jest tests" tests="1" failures="0" errors="0" time="1.467">
  <testsuite name="undefined" errors="0" failures="0" skipped="0" timestamp="2025-09-22T04:06:42" time="1.007" tests="1">
    <testcase classname=" renders status message" name=" renders status message" time="0.074">
    </testcase>
  </testsuite>
</testsuites>